<?xml version="1.0" encoding="UTF-8"?>
<!-- Generated by org.testng.reporters.JUnitXMLReporter -->
<testsuite ignored="2" hostname="DESKTOP-8S6QOCR" failures="0" tests="1" name="Default test" time="15.143" errors="0" timestamp="2024-06-07T09:11:07 IST">
  <testcase classname="baseBestBuy.TC_01_URLLinkHomepageBestBuy" name="verifyingUrl" time="8.375"/>
  <testcase classname="baseBestBuy.TC_01_URLLinkHomepageBestBuy" name="selectLocation" time="0.0">
    <ignored/>
  </testcase> <!-- selectLocation -->
  <testcase classname="baseBestBuy.TC_01_URLLinkHomepageBestBuy" name="testHomepage" time="0.0">
    <ignored/>
  </testcase> <!-- testHomepage -->
</testsuite> <!-- Default test -->
