<?xml version="1.0" encoding="UTF-8"?>
<!-- Generated by org.testng.reporters.JUnitXMLReporter -->
<testsuite ignored="0" hostname="DESKTOP-8S6QOCR" failures="0" tests="11" name="BestBuyTest" time="368.257" errors="0" timestamp="2024-06-07T09:27:03 IST">
  <testcase classname="baseBestBuy.TC_01_URLLinkHomepageBestBuy" name="verifyingUrl" time="8.389"/>
  <testcase classname="baseBestBuy.TC_01_URLLinkHomepageBestBuy" name="testHomepage" time="0.047"/>
  <testcase classname="baseBestBuy.TC_01_URLLinkHomepageBestBuy" name="selectLocation" time="7.286"/>
  <testcase classname="baseBestBuy.TC_09_CheckOutPageTest" name="checkoutPage" time="80.449"/>
  <testcase classname="baseBestBuy.TC_05_TestNavigationOfAllMenu" name="testNavigationAllMenuTitle" time="60.672"/>
  <testcase classname="baseBestBuy.TC_02_SignUpTest" name="signupTest" time="18.973"/>
  <testcase classname="baseBestBuy.TC_06_SearchAddIteamTestBB" name="addToCart" time="31.509"/>
  <testcase classname="baseBestBuy.TC_08_AddItemBrandMenuTest" name="addItemFromBrands" time="35.462"/>
  <testcase classname="baseBestBuy.TC_04_BottomLinksTestBB" name="toVerifyBottomLinks" time="17.243"/>
  <testcase classname="baseBestBuy.TC_07_AddItemDeptTest" name="addItemShopByDep" time="21.488"/>
  <testcase classname="baseBestBuy.TC_03_LoginTestcases" name="loginTest" time="17.511"/>
</testsuite> <!-- BestBuyTest -->
