<?xml version="1.0" encoding="UTF-8"?>
<!-- Generated by org.testng.reporters.JUnitXMLReporter -->
<testsuite ignored="0" hostname="DESKTOP-8S6QOCR" failures="1" tests="11" name="Test" time="356.06" errors="0" timestamp="2024-06-05T15:29:06 IST">
  <testcase classname="baseBestBuy.AddItemBrandMenuTest" name="addItemFromBrands" time="26.177"/>
  <testcase classname="baseBestBuy.SignUpTest" name="signupTest" time="17.698"/>
  <testcase classname="baseBestBuy.LoginTestcases" name="loginTest" time="17.618"/>
  <testcase classname="baseBestBuy.TestNavigationOfAllMenu" name="testNavigationAllMenuTitle" time="64.324"/>
  <testcase classname="baseBestBuy.BottomLinksTestBB" name="toVerifyBottomLinks" time="11.903"/>
  <testcase classname="baseBestBuy.SearchAddIteamTestBB" name="addToCart" time="27.262"/>
  <testcase classname="baseBestBuy.TestURLLinkHomepageBestBuy" name="verifyingUrl" time="10.275"/>
  <testcase classname="baseBestBuy.TestURLLinkHomepageBestBuy" name="testHomepage" time="0.009">
    <failure type="java.lang.AssertionError" message="Best Buy International: Select your Country - Best Buy expected:&amp;lt;Best Buy International: Select your Country - Best Buy&amp;gt; but was:&amp;lt;titletestcase&amp;gt;">
      <![CDATA[java.lang.AssertionError: Best Buy International: Select your Country - Best Buy expected:<Best Buy International: Select your Country - Best Buy> but was:<titletestcase>
at baseBestBuy.TestURLLinkHomepageBestBuy.testHomepage(TestURLLinkHomepageBestBuy.java:26)
at java.base/java.util.ArrayList.forEach(ArrayList.java:1596)
... Removed 26 stack frames]]>
    </failure>
  </testcase> <!-- testHomepage -->
  <testcase classname="baseBestBuy.TestURLLinkHomepageBestBuy" name="selectLocation" time="14.097"/>
  <testcase classname="baseBestBuy.CheckOutPageTest" name="checkoutPage" time="72.831"/>
  <testcase classname="baseBestBuy.AddItemDeptTest" name="addItemShopByDep" time="24.228"/>
</testsuite> <!-- Test -->
