<?xml version="1.0" encoding="UTF-8"?>
<testng-results ignored="0" total="11" passed="10" failed="1" skipped="0">
  <reporter-output>
  </reporter-output>
  <suite started-at="2024-06-07T17:24:44 IST" name="AutomationBBSuite" finished-at="2024-06-07T17:31:27 IST" duration-ms="403741">
    <groups>
    </groups>
    <test started-at="2024-06-07T17:24:44 IST" name="BestBuyTest" finished-at="2024-06-07T17:31:27 IST" duration-ms="403741">
      <class name="baseBestBuy.TC_02_SignUpTest">
        <test-method is-config="true" signature="launchBrowser()[pri:0, instance:baseBestBuy.TC_02_SignUpTest@1aa7ecca]" started-at="2024-06-07T17:27:25 IST" name="launchBrowser" finished-at="2024-06-07T17:27:30 IST" duration-ms="5619" status="PASS">
          <reporter-output>
          </reporter-output>
        </test-method> <!-- launchBrowser -->
        <test-method signature="signupTest()[pri:4, instance:baseBestBuy.TC_02_SignUpTest@1aa7ecca]" started-at="2024-06-07T17:27:30 IST" name="signupTest" finished-at="2024-06-07T17:28:13 IST" duration-ms="42343" status="PASS">
          <reporter-output>
          </reporter-output>
        </test-method> <!-- signupTest -->
        <test-method is-config="true" signature="closeBrowser()[pri:0, instance:baseBestBuy.TC_02_SignUpTest@1aa7ecca]" started-at="2024-06-07T17:28:13 IST" name="closeBrowser" finished-at="2024-06-07T17:28:13 IST" duration-ms="737" status="PASS">
          <reporter-output>
          </reporter-output>
        </test-method> <!-- closeBrowser -->
      </class> <!-- baseBestBuy.TC_02_SignUpTest -->
      <class name="baseBestBuy.TC_05_TestNavigationOfAllMenu">
        <test-method is-config="true" signature="launchBrowser()[pri:0, instance:baseBestBuy.TC_05_TestNavigationOfAllMenu@9f116cc]" started-at="2024-06-07T17:25:26 IST" name="launchBrowser" finished-at="2024-06-07T17:25:32 IST" duration-ms="5865" status="PASS">
          <reporter-output>
          </reporter-output>
        </test-method> <!-- launchBrowser -->
        <test-method signature="testNavigationAllMenuTitle()[pri:6, instance:baseBestBuy.TC_05_TestNavigationOfAllMenu@9f116cc]" started-at="2024-06-07T17:25:32 IST" name="testNavigationAllMenuTitle" finished-at="2024-06-07T17:26:40 IST" duration-ms="67263" status="PASS">
          <reporter-output>
          </reporter-output>
        </test-method> <!-- testNavigationAllMenuTitle -->
        <test-method is-config="true" signature="closeBrowser()[pri:0, instance:baseBestBuy.TC_05_TestNavigationOfAllMenu@9f116cc]" started-at="2024-06-07T17:26:40 IST" name="closeBrowser" finished-at="2024-06-07T17:26:41 IST" duration-ms="1429" status="PASS">
          <reporter-output>
          </reporter-output>
        </test-method> <!-- closeBrowser -->
      </class> <!-- baseBestBuy.TC_05_TestNavigationOfAllMenu -->
      <class name="baseBestBuy.TC_07_AddItemDeptTest">
        <test-method is-config="true" signature="launchBrowser()[pri:0, instance:baseBestBuy.TC_07_AddItemDeptTest@5b239d7d]" started-at="2024-06-07T17:29:48 IST" name="launchBrowser" finished-at="2024-06-07T17:29:53 IST" duration-ms="5418" status="PASS">
          <reporter-output>
          </reporter-output>
        </test-method> <!-- launchBrowser -->
        <test-method signature="addItemShopByDep()[pri:8, instance:baseBestBuy.TC_07_AddItemDeptTest@5b239d7d]" started-at="2024-06-07T17:29:53 IST" name="addItemShopByDep" finished-at="2024-06-07T17:30:20 IST" duration-ms="26484" status="PASS">
          <reporter-output>
          </reporter-output>
        </test-method> <!-- addItemShopByDep -->
        <test-method is-config="true" signature="closeBrowser()[pri:0, instance:baseBestBuy.TC_07_AddItemDeptTest@5b239d7d]" started-at="2024-06-07T17:30:20 IST" name="closeBrowser" finished-at="2024-06-07T17:30:21 IST" duration-ms="1058" status="PASS">
          <reporter-output>
          </reporter-output>
        </test-method> <!-- closeBrowser -->
      </class> <!-- baseBestBuy.TC_07_AddItemDeptTest -->
      <class name="baseBestBuy.TC_06_SearchAddIteamTestBB">
        <test-method is-config="true" signature="launchBrowser()[pri:0, instance:baseBestBuy.TC_06_SearchAddIteamTestBB@6973b51b]" started-at="2024-06-07T17:24:44 IST" name="launchBrowser" finished-at="2024-06-07T17:24:50 IST" duration-ms="6405" status="PASS">
          <reporter-output>
          </reporter-output>
        </test-method> <!-- launchBrowser -->
        <test-method signature="addToCart()[pri:7, instance:baseBestBuy.TC_06_SearchAddIteamTestBB@6973b51b]" started-at="2024-06-07T17:24:50 IST" name="addToCart" finished-at="2024-06-07T17:25:26 IST" duration-ms="35425" status="PASS">
          <reporter-output>
          </reporter-output>
        </test-method> <!-- addToCart -->
        <test-method is-config="true" signature="closeBrowser()[pri:0, instance:baseBestBuy.TC_06_SearchAddIteamTestBB@6973b51b]" started-at="2024-06-07T17:25:26 IST" name="closeBrowser" finished-at="2024-06-07T17:25:26 IST" duration-ms="888" status="PASS">
          <reporter-output>
          </reporter-output>
        </test-method> <!-- closeBrowser -->
      </class> <!-- baseBestBuy.TC_06_SearchAddIteamTestBB -->
      <class name="baseBestBuy.TC_09_CheckOutPageTest">
        <test-method is-config="true" signature="launchBrowser()[pri:0, instance:baseBestBuy.TC_09_CheckOutPageTest@59309333]" started-at="2024-06-07T17:28:13 IST" name="launchBrowser" finished-at="2024-06-07T17:28:20 IST" duration-ms="6612" status="PASS">
          <reporter-output>
          </reporter-output>
        </test-method> <!-- launchBrowser -->
        <test-method signature="checkoutPage()[pri:11, instance:baseBestBuy.TC_09_CheckOutPageTest@59309333]" started-at="2024-06-07T17:28:20 IST" name="checkoutPage" finished-at="2024-06-07T17:28:35 IST" duration-ms="15154" status="FAIL">
          <exception class="org.testng.TestException">
            <message>
              <![CDATA[
Expected exception of type class org.openqa.selenium.NoSuchElementException but got org.openqa.selenium.TimeoutException: timeout: Timed out receiving message from renderer: 15.000
  (Session info: chrome=125.0.6422.142)
Build info: version: '4.19.0', revision: '5f9cec8963'
System info: os.name: 'Windows 10', os.arch: 'amd64', os.version: '10.0', java.version: '21.0.2'
Driver info: org.openqa.selenium.chrome.ChromeDriver
Command: [d1cf06c74ae100904491c8b63f6def75, clickElement {id=f.B18504F339AA71A19424F2EDB6580ACB.d.88BD33A8017104E81BEF98DD44181A27.e.15}]
Capabilities {acceptInsecureCerts: false, browserName: chrome, browserVersion: 125.0.6422.142, chrome: {chromedriverVersion: 125.0.6422.141 (4b1e8393712..., userDataDir: C:\Users\priya\AppData\Loca...}, fedcm:accounts: true, goog:chromeOptions: {debuggerAddress: localhost:63181}, networkConnectionEnabled: false, pageLoadStrategy: normal, platformName: windows, proxy: Proxy(), se:cdp: ws://localhost:63181/devtoo..., se:cdpVersion: 125.0.6422.142, setWindowRect: true, strictFileInteractability: false, timeouts: {implicit: 0, pageLoad: 300000, script: 30000}, unhandledPromptBehavior: dismiss and notify, webauthn:extension:credBlob: true, webauthn:extension:largeBlob: true, webauthn:extension:minPinLength: true, webauthn:extension:prf: true, webauthn:virtualAuthenticators: true}
Element: [[ChromeDriver: chrome on windows (d1cf06c74ae100904491c8b63f6def75)] -> xpath: //h4[text()='United States'][1]]
Session ID: d1cf06c74ae100904491c8b63f6def75]]>
            </message>
            <full-stacktrace>
              <![CDATA[org.testng.TestException: 
Expected exception of type class org.openqa.selenium.NoSuchElementException but got org.openqa.selenium.TimeoutException: timeout: Timed out receiving message from renderer: 15.000
  (Session info: chrome=125.0.6422.142)
Build info: version: '4.19.0', revision: '5f9cec8963'
System info: os.name: 'Windows 10', os.arch: 'amd64', os.version: '10.0', java.version: '21.0.2'
Driver info: org.openqa.selenium.chrome.ChromeDriver
Command: [d1cf06c74ae100904491c8b63f6def75, clickElement {id=f.B18504F339AA71A19424F2EDB6580ACB.d.88BD33A8017104E81BEF98DD44181A27.e.15}]
Capabilities {acceptInsecureCerts: false, browserName: chrome, browserVersion: 125.0.6422.142, chrome: {chromedriverVersion: 125.0.6422.141 (4b1e8393712..., userDataDir: C:\Users\priya\AppData\Loca...}, fedcm:accounts: true, goog:chromeOptions: {debuggerAddress: localhost:63181}, networkConnectionEnabled: false, pageLoadStrategy: normal, platformName: windows, proxy: Proxy(), se:cdp: ws://localhost:63181/devtoo..., se:cdpVersion: 125.0.6422.142, setWindowRect: true, strictFileInteractability: false, timeouts: {implicit: 0, pageLoad: 300000, script: 30000}, unhandledPromptBehavior: dismiss and notify, webauthn:extension:credBlob: true, webauthn:extension:largeBlob: true, webauthn:extension:minPinLength: true, webauthn:extension:prf: true, webauthn:virtualAuthenticators: true}
Element: [[ChromeDriver: chrome on windows (d1cf06c74ae100904491c8b63f6def75)] -> xpath: //h4[text()='United States'][1]]
Session ID: d1cf06c74ae100904491c8b63f6def75
at org.testng.internal.invokers.ExpectedExceptionsHolder.wrongException(ExpectedExceptionsHolder.java:67)
at org.testng.internal.invokers.TestInvoker.considerExceptions(TestInvoker.java:863)
at org.testng.internal.invokers.TestInvoker.invokeMethod(TestInvoker.java:731)
at org.testng.internal.invokers.TestInvoker.invokeTestMethod(TestInvoker.java:221)
at org.testng.internal.invokers.MethodRunner.runInSequence(MethodRunner.java:50)
at org.testng.internal.invokers.TestInvoker$MethodInvocationAgent.invoke(TestInvoker.java:969)
at org.testng.internal.invokers.TestInvoker.invokeTestMethods(TestInvoker.java:194)
at org.testng.internal.invokers.TestMethodWorker.invokeTestMethods(TestMethodWorker.java:148)
at org.testng.internal.invokers.TestMethodWorker.run(TestMethodWorker.java:128)
at java.base/java.util.ArrayList.forEach(ArrayList.java:1596)
at org.testng.TestRunner.privateRun(TestRunner.java:829)
at org.testng.TestRunner.run(TestRunner.java:602)
at org.testng.SuiteRunner.runTest(SuiteRunner.java:437)
at org.testng.SuiteRunner.runSequentially(SuiteRunner.java:431)
at org.testng.SuiteRunner.privateRun(SuiteRunner.java:391)
at org.testng.SuiteRunner.run(SuiteRunner.java:330)
at org.testng.SuiteRunnerWorker.runSuite(SuiteRunnerWorker.java:52)
at org.testng.SuiteRunnerWorker.run(SuiteRunnerWorker.java:95)
at org.testng.TestNG.runSuitesSequentially(TestNG.java:1256)
at org.testng.TestNG.runSuitesLocally(TestNG.java:1176)
at org.testng.TestNG.runSuites(TestNG.java:1099)
at org.testng.TestNG.run(TestNG.java:1067)
at org.apache.maven.surefire.testng.TestNGExecutor.run(TestNGExecutor.java:308)
at org.apache.maven.surefire.testng.TestNGXmlTestSuite.execute(TestNGXmlTestSuite.java:71)
at org.apache.maven.surefire.testng.TestNGProvider.invoke(TestNGProvider.java:113)
at org.apache.maven.surefire.booter.ForkedBooter.runSuitesInProcess(ForkedBooter.java:385)
at org.apache.maven.surefire.booter.ForkedBooter.execute(ForkedBooter.java:162)
at org.apache.maven.surefire.booter.ForkedBooter.run(ForkedBooter.java:507)
at org.apache.maven.surefire.booter.ForkedBooter.main(ForkedBooter.java:495)
Caused by: org.openqa.selenium.TimeoutException: timeout: Timed out receiving message from renderer: 15.000
  (Session info: chrome=125.0.6422.142)
Build info: version: '4.19.0', revision: '5f9cec8963'
System info: os.name: 'Windows 10', os.arch: 'amd64', os.version: '10.0', java.version: '21.0.2'
Driver info: org.openqa.selenium.chrome.ChromeDriver
Command: [d1cf06c74ae100904491c8b63f6def75, clickElement {id=f.B18504F339AA71A19424F2EDB6580ACB.d.88BD33A8017104E81BEF98DD44181A27.e.15}]
Capabilities {acceptInsecureCerts: false, browserName: chrome, browserVersion: 125.0.6422.142, chrome: {chromedriverVersion: 125.0.6422.141 (4b1e8393712..., userDataDir: C:\Users\priya\AppData\Loca...}, fedcm:accounts: true, goog:chromeOptions: {debuggerAddress: localhost:63181}, networkConnectionEnabled: false, pageLoadStrategy: normal, platformName: windows, proxy: Proxy(), se:cdp: ws://localhost:63181/devtoo..., se:cdpVersion: 125.0.6422.142, setWindowRect: true, strictFileInteractability: false, timeouts: {implicit: 0, pageLoad: 300000, script: 30000}, unhandledPromptBehavior: dismiss and notify, webauthn:extension:credBlob: true, webauthn:extension:largeBlob: true, webauthn:extension:minPinLength: true, webauthn:extension:prf: true, webauthn:virtualAuthenticators: true}
Element: [[ChromeDriver: chrome on windows (d1cf06c74ae100904491c8b63f6def75)] -> xpath: //h4[text()='United States'][1]]
Session ID: d1cf06c74ae100904491c8b63f6def75
at java.base/jdk.internal.reflect.DirectConstructorHandleAccessor.newInstance(DirectConstructorHandleAccessor.java:62)
at java.base/java.lang.reflect.Constructor.newInstanceWithCaller(Constructor.java:502)
at java.base/java.lang.reflect.Constructor.newInstance(Constructor.java:486)
at org.openqa.selenium.remote.ErrorCodec.decode(ErrorCodec.java:167)
at org.openqa.selenium.remote.codec.w3c.W3CHttpResponseCodec.decode(W3CHttpResponseCodec.java:138)
at org.openqa.selenium.remote.codec.w3c.W3CHttpResponseCodec.decode(W3CHttpResponseCodec.java:50)
at org.openqa.selenium.remote.HttpCommandExecutor.execute(HttpCommandExecutor.java:190)
at org.openqa.selenium.remote.service.DriverCommandExecutor.invokeExecute(DriverCommandExecutor.java:216)
at org.openqa.selenium.remote.service.DriverCommandExecutor.execute(DriverCommandExecutor.java:174)
at org.openqa.selenium.remote.RemoteWebDriver.execute(RemoteWebDriver.java:518)
at org.openqa.selenium.remote.RemoteWebElement.execute(RemoteWebElement.java:223)
at org.openqa.selenium.remote.RemoteWebElement.click(RemoteWebElement.java:76)
at java.base/jdk.internal.reflect.DirectMethodHandleAccessor.invoke(DirectMethodHandleAccessor.java:103)
at java.base/java.lang.reflect.Method.invoke(Method.java:580)
at org.openqa.selenium.support.pagefactory.internal.LocatingElementHandler.invoke(LocatingElementHandler.java:51)
at jdk.proxy2/jdk.proxy2.$Proxy9.click(Unknown Source)
at pagesBestBuy.HomePage.clickOnCountry(HomePage.java:22)
at baseBestBuy.TC_09_CheckOutPageTest.checkoutPage(TC_09_CheckOutPageTest.java:21)
at java.base/jdk.internal.reflect.DirectMethodHandleAccessor.invoke(DirectMethodHandleAccessor.java:103)
at java.base/java.lang.reflect.Method.invoke(Method.java:580)
at org.testng.internal.invokers.MethodInvocationHelper.invokeMethod(MethodInvocationHelper.java:139)
at org.testng.internal.invokers.TestInvoker.invokeMethod(TestInvoker.java:677)
... 26 more
]]>
            </full-stacktrace>
          </exception> <!-- org.testng.TestException -->
          <reporter-output>
          </reporter-output>
        </test-method> <!-- checkoutPage -->
        <test-method is-config="true" signature="closeBrowser()[pri:0, instance:baseBestBuy.TC_09_CheckOutPageTest@59309333]" started-at="2024-06-07T17:28:35 IST" name="closeBrowser" finished-at="2024-06-07T17:28:36 IST" duration-ms="899" status="PASS">
          <reporter-output>
          </reporter-output>
        </test-method> <!-- closeBrowser -->
      </class> <!-- baseBestBuy.TC_09_CheckOutPageTest -->
      <class name="baseBestBuy.TC_01_URLLinkHomepageBestBuy">
        <test-method is-config="true" signature="launchBrowser()[pri:0, instance:baseBestBuy.TC_01_URLLinkHomepageBestBuy@12468a38]" started-at="2024-06-07T17:26:41 IST" name="launchBrowser" finished-at="2024-06-07T17:26:48 IST" duration-ms="6569" status="PASS">
          <reporter-output>
          </reporter-output>
        </test-method> <!-- launchBrowser -->
        <test-method signature="verifyingUrl()[pri:1, instance:baseBestBuy.TC_01_URLLinkHomepageBestBuy@12468a38]" started-at="2024-06-07T17:26:48 IST" name="verifyingUrl" finished-at="2024-06-07T17:26:56 IST" duration-ms="8338" status="PASS">
          <reporter-output>
          </reporter-output>
        </test-method> <!-- verifyingUrl -->
        <test-method is-config="true" signature="closeBrowser()[pri:0, instance:baseBestBuy.TC_01_URLLinkHomepageBestBuy@12468a38]" started-at="2024-06-07T17:26:56 IST" name="closeBrowser" finished-at="2024-06-07T17:26:57 IST" duration-ms="697" status="PASS">
          <reporter-output>
          </reporter-output>
        </test-method> <!-- closeBrowser -->
        <test-method is-config="true" signature="launchBrowser()[pri:0, instance:baseBestBuy.TC_01_URLLinkHomepageBestBuy@12468a38]" started-at="2024-06-07T17:26:57 IST" name="launchBrowser" finished-at="2024-06-07T17:27:05 IST" duration-ms="8471" status="PASS">
          <reporter-output>
          </reporter-output>
        </test-method> <!-- launchBrowser -->
        <test-method signature="testHomepage()[pri:2, instance:baseBestBuy.TC_01_URLLinkHomepageBestBuy@12468a38]" started-at="2024-06-07T17:27:05 IST" name="testHomepage" finished-at="2024-06-07T17:27:05 IST" duration-ms="9" status="PASS">
          <reporter-output>
          </reporter-output>
        </test-method> <!-- testHomepage -->
        <test-method is-config="true" signature="closeBrowser()[pri:0, instance:baseBestBuy.TC_01_URLLinkHomepageBestBuy@12468a38]" started-at="2024-06-07T17:27:05 IST" name="closeBrowser" finished-at="2024-06-07T17:27:06 IST" duration-ms="948" status="PASS">
          <reporter-output>
          </reporter-output>
        </test-method> <!-- closeBrowser -->
        <test-method is-config="true" signature="launchBrowser()[pri:0, instance:baseBestBuy.TC_01_URLLinkHomepageBestBuy@12468a38]" started-at="2024-06-07T17:27:06 IST" name="launchBrowser" finished-at="2024-06-07T17:27:11 IST" duration-ms="5389" status="PASS">
          <reporter-output>
          </reporter-output>
        </test-method> <!-- launchBrowser -->
        <test-method signature="selectLocation()[pri:3, instance:baseBestBuy.TC_01_URLLinkHomepageBestBuy@12468a38]" started-at="2024-06-07T17:27:11 IST" name="selectLocation" finished-at="2024-06-07T17:27:23 IST" duration-ms="12019" status="PASS">
          <reporter-output>
          </reporter-output>
        </test-method> <!-- selectLocation -->
        <test-method is-config="true" signature="closeBrowser()[pri:0, instance:baseBestBuy.TC_01_URLLinkHomepageBestBuy@12468a38]" started-at="2024-06-07T17:27:23 IST" name="closeBrowser" finished-at="2024-06-07T17:27:25 IST" duration-ms="1071" status="PASS">
          <reporter-output>
          </reporter-output>
        </test-method> <!-- closeBrowser -->
      </class> <!-- baseBestBuy.TC_01_URLLinkHomepageBestBuy -->
      <class name="baseBestBuy.TC_08_AddItemBrandMenuTest">
        <test-method is-config="true" signature="launchBrowser()[pri:0, instance:baseBestBuy.TC_08_AddItemBrandMenuTest@5876a9af]" started-at="2024-06-07T17:28:36 IST" name="launchBrowser" finished-at="2024-06-07T17:28:42 IST" duration-ms="5696" status="PASS">
          <reporter-output>
          </reporter-output>
        </test-method> <!-- launchBrowser -->
        <test-method signature="addItemFromBrands()[pri:9, instance:baseBestBuy.TC_08_AddItemBrandMenuTest@5876a9af]" started-at="2024-06-07T17:28:42 IST" name="addItemFromBrands" finished-at="2024-06-07T17:29:24 IST" duration-ms="42419" status="PASS">
          <reporter-output>
          </reporter-output>
        </test-method> <!-- addItemFromBrands -->
        <test-method is-config="true" signature="closeBrowser()[pri:0, instance:baseBestBuy.TC_08_AddItemBrandMenuTest@5876a9af]" started-at="2024-06-07T17:29:24 IST" name="closeBrowser" finished-at="2024-06-07T17:29:25 IST" duration-ms="1117" status="PASS">
          <reporter-output>
          </reporter-output>
        </test-method> <!-- closeBrowser -->
      </class> <!-- baseBestBuy.TC_08_AddItemBrandMenuTest -->
      <class name="baseBestBuy.TC_03_LoginTestcases">
        <test-method is-config="true" signature="launchBrowser()[pri:0, instance:baseBestBuy.TC_03_LoginTestcases@6572421]" started-at="2024-06-07T17:30:21 IST" name="launchBrowser" finished-at="2024-06-07T17:30:27 IST" duration-ms="5902" status="PASS">
          <reporter-output>
          </reporter-output>
        </test-method> <!-- launchBrowser -->
        <test-method signature="loginTest()[pri:5, instance:baseBestBuy.TC_03_LoginTestcases@6572421]" started-at="2024-06-07T17:30:27 IST" name="loginTest" finished-at="2024-06-07T17:31:27 IST" duration-ms="60192" status="PASS">
          <reporter-output>
          </reporter-output>
        </test-method> <!-- loginTest -->
        <test-method is-config="true" signature="closeBrowser()[pri:0, instance:baseBestBuy.TC_03_LoginTestcases@6572421]" started-at="2024-06-07T17:31:27 IST" name="closeBrowser" finished-at="2024-06-07T17:31:27 IST" duration-ms="670" status="PASS">
          <reporter-output>
          </reporter-output>
        </test-method> <!-- closeBrowser -->
      </class> <!-- baseBestBuy.TC_03_LoginTestcases -->
      <class name="baseBestBuy.TC_04_BottomLinksTestBB">
        <test-method is-config="true" signature="launchBrowser()[pri:0, instance:baseBestBuy.TC_04_BottomLinksTestBB@7ec7ffd3]" started-at="2024-06-07T17:29:25 IST" name="launchBrowser" finished-at="2024-06-07T17:29:31 IST" duration-ms="5574" status="PASS">
          <reporter-output>
          </reporter-output>
        </test-method> <!-- launchBrowser -->
        <test-method signature="toVerifyBottomLinks()[pri:10, instance:baseBestBuy.TC_04_BottomLinksTestBB@7ec7ffd3]" started-at="2024-06-07T17:29:31 IST" name="toVerifyBottomLinks" finished-at="2024-06-07T17:29:47 IST" duration-ms="16123" status="PASS">
          <reporter-output>
          </reporter-output>
        </test-method> <!-- toVerifyBottomLinks -->
        <test-method is-config="true" signature="closeBrowser()[pri:0, instance:baseBestBuy.TC_04_BottomLinksTestBB@7ec7ffd3]" started-at="2024-06-07T17:29:47 IST" name="closeBrowser" finished-at="2024-06-07T17:29:48 IST" duration-ms="859" status="PASS">
          <reporter-output>
          </reporter-output>
        </test-method> <!-- closeBrowser -->
      </class> <!-- baseBestBuy.TC_04_BottomLinksTestBB -->
    </test> <!-- BestBuyTest -->
  </suite> <!-- AutomationBBSuite -->
</testng-results>
