<?xml version="1.0" encoding="UTF-8"?>
<testng-results ignored="0" total="1" passed="1" failed="0" skipped="0">
  <reporter-output>
  </reporter-output>
  <suite started-at="2024-06-05T21:43:05 IST" name="Default suite" finished-at="2024-06-05T21:43:32 IST" duration-ms="26898">
    <groups>
    </groups>
    <test started-at="2024-06-05T21:43:05 IST" name="Default test" finished-at="2024-06-05T21:43:32 IST" duration-ms="26898">
      <class name="baseBestBuy.TC_02_SignUpTest">
        <test-method is-config="true" signature="launchBrowser()[pri:0, instance:baseBestBuy.TC_02_SignUpTest@799f10e1]" started-at="2024-06-05T21:43:05 IST" name="launchBrowser" finished-at="2024-06-05T21:43:12 IST" duration-ms="7648" status="PASS">
          <reporter-output>
          </reporter-output>
        </test-method> <!-- launchBrowser -->
        <test-method signature="signupTest()[pri:4, instance:baseBestBuy.TC_02_SignUpTest@799f10e1]" started-at="2024-06-05T21:43:12 IST" name="signupTest" finished-at="2024-06-05T21:43:31 IST" duration-ms="18223" status="PASS">
          <reporter-output>
          </reporter-output>
        </test-method> <!-- signupTest -->
        <test-method is-config="true" signature="closeBrowser()[pri:0, instance:baseBestBuy.TC_02_SignUpTest@799f10e1]" started-at="2024-06-05T21:43:31 IST" name="closeBrowser" finished-at="2024-06-05T21:43:32 IST" duration-ms="972" status="PASS">
          <reporter-output>
          </reporter-output>
        </test-method> <!-- closeBrowser -->
      </class> <!-- baseBestBuy.TC_02_SignUpTest -->
    </test> <!-- Default test -->
  </suite> <!-- Default suite -->
</testng-results>
