<?xml version="1.0" encoding="UTF-8"?>
<testng-results ignored="0" total="11" passed="11" failed="0" skipped="0">
  <reporter-output>
  </reporter-output>
  <suite started-at="2024-06-07T09:20:55 IST" name="AutomationBBSuite" finished-at="2024-06-07T09:27:03 IST" duration-ms="368257">
    <groups>
    </groups>
    <test started-at="2024-06-07T09:20:55 IST" name="BestBuyTest" finished-at="2024-06-07T09:27:03 IST" duration-ms="368257">
      <class name="baseBestBuy.TC_02_SignUpTest">
        <test-method is-config="true" signature="launchBrowser()[pri:0, instance:baseBestBuy.TC_02_SignUpTest@38425407]" started-at="2024-06-07T09:24:04 IST" name="launchBrowser" finished-at="2024-06-07T09:24:09 IST" duration-ms="5394" status="PASS">
          <reporter-output>
          </reporter-output>
        </test-method> <!-- launchBrowser -->
        <test-method signature="signupTest()[pri:4, instance:baseBestBuy.TC_02_SignUpTest@38425407]" started-at="2024-06-07T09:24:09 IST" name="signupTest" finished-at="2024-06-07T09:24:28 IST" duration-ms="18973" status="PASS">
          <reporter-output>
          </reporter-output>
        </test-method> <!-- signupTest -->
        <test-method is-config="true" signature="closeBrowser()[pri:0, instance:baseBestBuy.TC_02_SignUpTest@38425407]" started-at="2024-06-07T09:24:28 IST" name="closeBrowser" finished-at="2024-06-07T09:24:29 IST" duration-ms="647" status="PASS">
          <reporter-output>
          </reporter-output>
        </test-method> <!-- closeBrowser -->
      </class> <!-- baseBestBuy.TC_02_SignUpTest -->
      <class name="baseBestBuy.TC_05_TestNavigationOfAllMenu">
        <test-method is-config="true" signature="launchBrowser()[pri:0, instance:baseBestBuy.TC_05_TestNavigationOfAllMenu@54d9d12d]" started-at="2024-06-07T09:22:56 IST" name="launchBrowser" finished-at="2024-06-07T09:23:02 IST" duration-ms="5384" status="PASS">
          <reporter-output>
          </reporter-output>
        </test-method> <!-- launchBrowser -->
        <test-method signature="testNavigationAllMenuTitle()[pri:6, instance:baseBestBuy.TC_05_TestNavigationOfAllMenu@54d9d12d]" started-at="2024-06-07T09:23:02 IST" name="testNavigationAllMenuTitle" finished-at="2024-06-07T09:24:02 IST" duration-ms="60672" status="PASS">
          <reporter-output>
          </reporter-output>
        </test-method> <!-- testNavigationAllMenuTitle -->
        <test-method is-config="true" signature="closeBrowser()[pri:0, instance:baseBestBuy.TC_05_TestNavigationOfAllMenu@54d9d12d]" started-at="2024-06-07T09:24:02 IST" name="closeBrowser" finished-at="2024-06-07T09:24:04 IST" duration-ms="1568" status="PASS">
          <reporter-output>
          </reporter-output>
        </test-method> <!-- closeBrowser -->
      </class> <!-- baseBestBuy.TC_05_TestNavigationOfAllMenu -->
      <class name="baseBestBuy.TC_07_AddItemDeptTest">
        <test-method is-config="true" signature="launchBrowser()[pri:0, instance:baseBestBuy.TC_07_AddItemDeptTest@40a4337a]" started-at="2024-06-07T09:26:12 IST" name="launchBrowser" finished-at="2024-06-07T09:26:17 IST" duration-ms="5271" status="PASS">
          <reporter-output>
          </reporter-output>
        </test-method> <!-- launchBrowser -->
        <test-method signature="addItemShopByDep()[pri:8, instance:baseBestBuy.TC_07_AddItemDeptTest@40a4337a]" started-at="2024-06-07T09:26:17 IST" name="addItemShopByDep" finished-at="2024-06-07T09:26:39 IST" duration-ms="21488" status="PASS">
          <reporter-output>
          </reporter-output>
        </test-method> <!-- addItemShopByDep -->
        <test-method is-config="true" signature="closeBrowser()[pri:0, instance:baseBestBuy.TC_07_AddItemDeptTest@40a4337a]" started-at="2024-06-07T09:26:39 IST" name="closeBrowser" finished-at="2024-06-07T09:26:39 IST" duration-ms="724" status="PASS">
          <reporter-output>
          </reporter-output>
        </test-method> <!-- closeBrowser -->
      </class> <!-- baseBestBuy.TC_07_AddItemDeptTest -->
      <class name="baseBestBuy.TC_06_SearchAddIteamTestBB">
        <test-method is-config="true" signature="launchBrowser()[pri:0, instance:baseBestBuy.TC_06_SearchAddIteamTestBB@43bc63a3]" started-at="2024-06-07T09:24:29 IST" name="launchBrowser" finished-at="2024-06-07T09:24:34 IST" duration-ms="5113" status="PASS">
          <reporter-output>
          </reporter-output>
        </test-method> <!-- launchBrowser -->
        <test-method signature="addToCart()[pri:7, instance:baseBestBuy.TC_06_SearchAddIteamTestBB@43bc63a3]" started-at="2024-06-07T09:24:34 IST" name="addToCart" finished-at="2024-06-07T09:25:05 IST" duration-ms="31509" status="PASS">
          <reporter-output>
          </reporter-output>
        </test-method> <!-- addToCart -->
        <test-method is-config="true" signature="closeBrowser()[pri:0, instance:baseBestBuy.TC_06_SearchAddIteamTestBB@43bc63a3]" started-at="2024-06-07T09:25:05 IST" name="closeBrowser" finished-at="2024-06-07T09:25:07 IST" duration-ms="1086" status="PASS">
          <reporter-output>
          </reporter-output>
        </test-method> <!-- closeBrowser -->
      </class> <!-- baseBestBuy.TC_06_SearchAddIteamTestBB -->
      <class name="baseBestBuy.TC_09_CheckOutPageTest">
        <test-method is-config="true" signature="launchBrowser()[pri:0, instance:baseBestBuy.TC_09_CheckOutPageTest@3c41ed1d]" started-at="2024-06-07T09:21:30 IST" name="launchBrowser" finished-at="2024-06-07T09:21:35 IST" duration-ms="5070" status="PASS">
          <reporter-output>
          </reporter-output>
        </test-method> <!-- launchBrowser -->
        <test-method signature="checkoutPage()[pri:11, instance:baseBestBuy.TC_09_CheckOutPageTest@3c41ed1d]" started-at="2024-06-07T09:21:35 IST" name="checkoutPage" finished-at="2024-06-07T09:22:55 IST" duration-ms="80449" status="PASS">
          <exception class="org.openqa.selenium.NoSuchElementException">
            <message>
              <![CDATA[no such element: Unable to locate element: {"method":"xpath","selector":"//input[@id='number']"}
  (Session info: chrome=125.0.6422.142)
For documentation on this error, please visit: https://www.selenium.dev/documentation/webdriver/troubleshooting/errors#no-such-element-exception
Build info: version: '4.19.0', revision: '5f9cec8963'
System info: os.name: 'Windows 10', os.arch: 'amd64', os.version: '10.0', java.version: '21.0.2'
Driver info: org.openqa.selenium.chrome.ChromeDriver
Command: [1b403b30a65a2f946c52e8e93eb279fe, findElement {value=//input[@id='number'], using=xpath}]
Capabilities {acceptInsecureCerts: false, browserName: chrome, browserVersion: 125.0.6422.142, chrome: {chromedriverVersion: 125.0.6422.141 (4b1e8393712..., userDataDir: C:\Users\priya\AppData\Loca...}, fedcm:accounts: true, goog:chromeOptions: {debuggerAddress: localhost:58431}, networkConnectionEnabled: false, pageLoadStrategy: normal, platformName: windows, proxy: Proxy(), se:cdp: ws://localhost:58431/devtoo..., se:cdpVersion: 125.0.6422.142, setWindowRect: true, strictFileInteractability: false, timeouts: {implicit: 0, pageLoad: 300000, script: 30000}, unhandledPromptBehavior: dismiss and notify, webauthn:extension:credBlob: true, webauthn:extension:largeBlob: true, webauthn:extension:minPinLength: true, webauthn:extension:prf: true, webauthn:virtualAuthenticators: true}
Session ID: 1b403b30a65a2f946c52e8e93eb279fe]]>
            </message>
            <full-stacktrace>
              <![CDATA[org.openqa.selenium.NoSuchElementException: no such element: Unable to locate element: {"method":"xpath","selector":"//input[@id='number']"}
  (Session info: chrome=125.0.6422.142)
For documentation on this error, please visit: https://www.selenium.dev/documentation/webdriver/troubleshooting/errors#no-such-element-exception
Build info: version: '4.19.0', revision: '5f9cec8963'
System info: os.name: 'Windows 10', os.arch: 'amd64', os.version: '10.0', java.version: '21.0.2'
Driver info: org.openqa.selenium.chrome.ChromeDriver
Command: [1b403b30a65a2f946c52e8e93eb279fe, findElement {value=//input[@id='number'], using=xpath}]
Capabilities {acceptInsecureCerts: false, browserName: chrome, browserVersion: 125.0.6422.142, chrome: {chromedriverVersion: 125.0.6422.141 (4b1e8393712..., userDataDir: C:\Users\priya\AppData\Loca...}, fedcm:accounts: true, goog:chromeOptions: {debuggerAddress: localhost:58431}, networkConnectionEnabled: false, pageLoadStrategy: normal, platformName: windows, proxy: Proxy(), se:cdp: ws://localhost:58431/devtoo..., se:cdpVersion: 125.0.6422.142, setWindowRect: true, strictFileInteractability: false, timeouts: {implicit: 0, pageLoad: 300000, script: 30000}, unhandledPromptBehavior: dismiss and notify, webauthn:extension:credBlob: true, webauthn:extension:largeBlob: true, webauthn:extension:minPinLength: true, webauthn:extension:prf: true, webauthn:virtualAuthenticators: true}
Session ID: 1b403b30a65a2f946c52e8e93eb279fe
at java.base/jdk.internal.reflect.DirectConstructorHandleAccessor.newInstance(DirectConstructorHandleAccessor.java:62)
at java.base/java.lang.reflect.Constructor.newInstanceWithCaller(Constructor.java:502)
at java.base/java.lang.reflect.Constructor.newInstance(Constructor.java:486)
at org.openqa.selenium.remote.ErrorCodec.decode(ErrorCodec.java:167)
at org.openqa.selenium.remote.codec.w3c.W3CHttpResponseCodec.decode(W3CHttpResponseCodec.java:138)
at org.openqa.selenium.remote.codec.w3c.W3CHttpResponseCodec.decode(W3CHttpResponseCodec.java:50)
at org.openqa.selenium.remote.HttpCommandExecutor.execute(HttpCommandExecutor.java:190)
at org.openqa.selenium.remote.service.DriverCommandExecutor.invokeExecute(DriverCommandExecutor.java:216)
at org.openqa.selenium.remote.service.DriverCommandExecutor.execute(DriverCommandExecutor.java:174)
at org.openqa.selenium.remote.RemoteWebDriver.execute(RemoteWebDriver.java:518)
at org.openqa.selenium.remote.ElementLocation$ElementFinder$2.findElement(ElementLocation.java:165)
at org.openqa.selenium.remote.ElementLocation.findElement(ElementLocation.java:59)
at org.openqa.selenium.remote.RemoteWebDriver.findElement(RemoteWebDriver.java:355)
at org.openqa.selenium.remote.RemoteWebDriver.findElement(RemoteWebDriver.java:349)
at org.openqa.selenium.support.pagefactory.DefaultElementLocator.findElement(DefaultElementLocator.java:68)
at org.openqa.selenium.support.pagefactory.internal.LocatingElementHandler.invoke(LocatingElementHandler.java:38)
at jdk.proxy2/jdk.proxy2.$Proxy12.sendKeys(Unknown Source)
at pagesBestBuy.CheckOutPageFilling.enterDebitCardNumber(CheckOutPageFilling.java:71)
at baseBestBuy.TC_09_CheckOutPageTest.checkoutPage(TC_09_CheckOutPageTest.java:45)
at java.base/jdk.internal.reflect.DirectMethodHandleAccessor.invoke(DirectMethodHandleAccessor.java:103)
at java.base/java.lang.reflect.Method.invoke(Method.java:580)
at org.testng.internal.invokers.MethodInvocationHelper.invokeMethod(MethodInvocationHelper.java:139)
at org.testng.internal.invokers.TestInvoker.invokeMethod(TestInvoker.java:677)
at org.testng.internal.invokers.TestInvoker.invokeTestMethod(TestInvoker.java:221)
at org.testng.internal.invokers.MethodRunner.runInSequence(MethodRunner.java:50)
at org.testng.internal.invokers.TestInvoker$MethodInvocationAgent.invoke(TestInvoker.java:969)
at org.testng.internal.invokers.TestInvoker.invokeTestMethods(TestInvoker.java:194)
at org.testng.internal.invokers.TestMethodWorker.invokeTestMethods(TestMethodWorker.java:148)
at org.testng.internal.invokers.TestMethodWorker.run(TestMethodWorker.java:128)
at java.base/java.util.ArrayList.forEach(ArrayList.java:1596)
at org.testng.TestRunner.privateRun(TestRunner.java:829)
at org.testng.TestRunner.run(TestRunner.java:602)
at org.testng.SuiteRunner.runTest(SuiteRunner.java:437)
at org.testng.SuiteRunner.runSequentially(SuiteRunner.java:431)
at org.testng.SuiteRunner.privateRun(SuiteRunner.java:391)
at org.testng.SuiteRunner.run(SuiteRunner.java:330)
at org.testng.SuiteRunnerWorker.runSuite(SuiteRunnerWorker.java:52)
at org.testng.SuiteRunnerWorker.run(SuiteRunnerWorker.java:95)
at org.testng.TestNG.runSuitesSequentially(TestNG.java:1256)
at org.testng.TestNG.runSuitesLocally(TestNG.java:1176)
at org.testng.TestNG.runSuites(TestNG.java:1099)
at org.testng.TestNG.run(TestNG.java:1067)
at org.testng.remote.AbstractRemoteTestNG.run(AbstractRemoteTestNG.java:115)
at org.testng.remote.RemoteTestNG.initAndRun(RemoteTestNG.java:293)
at org.testng.remote.RemoteTestNG.main(RemoteTestNG.java:91)
]]>
            </full-stacktrace>
          </exception> <!-- org.openqa.selenium.NoSuchElementException -->
          <reporter-output>
          </reporter-output>
        </test-method> <!-- checkoutPage -->
        <test-method is-config="true" signature="closeBrowser()[pri:0, instance:baseBestBuy.TC_09_CheckOutPageTest@3c41ed1d]" started-at="2024-06-07T09:22:55 IST" name="closeBrowser" finished-at="2024-06-07T09:22:56 IST" duration-ms="764" status="PASS">
          <reporter-output>
          </reporter-output>
        </test-method> <!-- closeBrowser -->
      </class> <!-- baseBestBuy.TC_09_CheckOutPageTest -->
      <class name="baseBestBuy.TC_01_URLLinkHomepageBestBuy">
        <test-method is-config="true" signature="launchBrowser()[pri:0, instance:baseBestBuy.TC_01_URLLinkHomepageBestBuy@368f2016]" started-at="2024-06-07T09:20:55 IST" name="launchBrowser" finished-at="2024-06-07T09:21:01 IST" duration-ms="6331" status="PASS">
          <reporter-output>
          </reporter-output>
        </test-method> <!-- launchBrowser -->
        <test-method signature="verifyingUrl()[pri:1, instance:baseBestBuy.TC_01_URLLinkHomepageBestBuy@368f2016]" started-at="2024-06-07T09:21:01 IST" name="verifyingUrl" finished-at="2024-06-07T09:21:09 IST" duration-ms="8389" status="PASS">
          <reporter-output>
          </reporter-output>
        </test-method> <!-- verifyingUrl -->
        <test-method is-config="true" signature="closeBrowser()[pri:0, instance:baseBestBuy.TC_01_URLLinkHomepageBestBuy@368f2016]" started-at="2024-06-07T09:21:09 IST" name="closeBrowser" finished-at="2024-06-07T09:21:10 IST" duration-ms="831" status="PASS">
          <reporter-output>
          </reporter-output>
        </test-method> <!-- closeBrowser -->
        <test-method is-config="true" signature="launchBrowser()[pri:0, instance:baseBestBuy.TC_01_URLLinkHomepageBestBuy@368f2016]" started-at="2024-06-07T09:21:10 IST" name="launchBrowser" finished-at="2024-06-07T09:21:16 IST" duration-ms="5550" status="PASS">
          <reporter-output>
          </reporter-output>
        </test-method> <!-- launchBrowser -->
        <test-method signature="testHomepage()[pri:2, instance:baseBestBuy.TC_01_URLLinkHomepageBestBuy@368f2016]" started-at="2024-06-07T09:21:16 IST" name="testHomepage" finished-at="2024-06-07T09:21:16 IST" duration-ms="47" status="PASS">
          <reporter-output>
          </reporter-output>
        </test-method> <!-- testHomepage -->
        <test-method is-config="true" signature="closeBrowser()[pri:0, instance:baseBestBuy.TC_01_URLLinkHomepageBestBuy@368f2016]" started-at="2024-06-07T09:21:16 IST" name="closeBrowser" finished-at="2024-06-07T09:21:16 IST" duration-ms="574" status="PASS">
          <reporter-output>
          </reporter-output>
        </test-method> <!-- closeBrowser -->
        <test-method is-config="true" signature="launchBrowser()[pri:0, instance:baseBestBuy.TC_01_URLLinkHomepageBestBuy@368f2016]" started-at="2024-06-07T09:21:16 IST" name="launchBrowser" finished-at="2024-06-07T09:21:22 IST" duration-ms="5605" status="PASS">
          <reporter-output>
          </reporter-output>
        </test-method> <!-- launchBrowser -->
        <test-method signature="selectLocation()[pri:3, instance:baseBestBuy.TC_01_URLLinkHomepageBestBuy@368f2016]" started-at="2024-06-07T09:21:22 IST" name="selectLocation" finished-at="2024-06-07T09:21:29 IST" duration-ms="7286" status="PASS">
          <reporter-output>
          </reporter-output>
        </test-method> <!-- selectLocation -->
        <test-method is-config="true" signature="closeBrowser()[pri:0, instance:baseBestBuy.TC_01_URLLinkHomepageBestBuy@368f2016]" started-at="2024-06-07T09:21:29 IST" name="closeBrowser" finished-at="2024-06-07T09:21:30 IST" duration-ms="713" status="PASS">
          <reporter-output>
          </reporter-output>
        </test-method> <!-- closeBrowser -->
      </class> <!-- baseBestBuy.TC_01_URLLinkHomepageBestBuy -->
      <class name="baseBestBuy.TC_08_AddItemBrandMenuTest">
        <test-method is-config="true" signature="launchBrowser()[pri:0, instance:baseBestBuy.TC_08_AddItemBrandMenuTest@702657cc]" started-at="2024-06-07T09:25:07 IST" name="launchBrowser" finished-at="2024-06-07T09:25:12 IST" duration-ms="5634" status="PASS">
          <reporter-output>
          </reporter-output>
        </test-method> <!-- launchBrowser -->
        <test-method signature="addItemFromBrands()[pri:9, instance:baseBestBuy.TC_08_AddItemBrandMenuTest@702657cc]" started-at="2024-06-07T09:25:12 IST" name="addItemFromBrands" finished-at="2024-06-07T09:25:48 IST" duration-ms="35462" status="PASS">
          <reporter-output>
          </reporter-output>
        </test-method> <!-- addItemFromBrands -->
        <test-method is-config="true" signature="closeBrowser()[pri:0, instance:baseBestBuy.TC_08_AddItemBrandMenuTest@702657cc]" started-at="2024-06-07T09:25:48 IST" name="closeBrowser" finished-at="2024-06-07T09:25:49 IST" duration-ms="956" status="PASS">
          <reporter-output>
          </reporter-output>
        </test-method> <!-- closeBrowser -->
      </class> <!-- baseBestBuy.TC_08_AddItemBrandMenuTest -->
      <class name="baseBestBuy.TC_03_LoginTestcases">
        <test-method is-config="true" signature="launchBrowser()[pri:0, instance:baseBestBuy.TC_03_LoginTestcases@6025e1b6]" started-at="2024-06-07T09:26:39 IST" name="launchBrowser" finished-at="2024-06-07T09:26:45 IST" duration-ms="5237" status="PASS">
          <reporter-output>
          </reporter-output>
        </test-method> <!-- launchBrowser -->
        <test-method signature="loginTest()[pri:5, instance:baseBestBuy.TC_03_LoginTestcases@6025e1b6]" started-at="2024-06-07T09:26:45 IST" name="loginTest" finished-at="2024-06-07T09:27:02 IST" duration-ms="17511" status="PASS">
          <reporter-output>
          </reporter-output>
        </test-method> <!-- loginTest -->
        <test-method is-config="true" signature="closeBrowser()[pri:0, instance:baseBestBuy.TC_03_LoginTestcases@6025e1b6]" started-at="2024-06-07T09:27:02 IST" name="closeBrowser" finished-at="2024-06-07T09:27:03 IST" duration-ms="719" status="PASS">
          <reporter-output>
          </reporter-output>
        </test-method> <!-- closeBrowser -->
      </class> <!-- baseBestBuy.TC_03_LoginTestcases -->
      <class name="baseBestBuy.TC_04_BottomLinksTestBB">
        <test-method is-config="true" signature="launchBrowser()[pri:0, instance:baseBestBuy.TC_04_BottomLinksTestBB@6a6cb05c]" started-at="2024-06-07T09:25:49 IST" name="launchBrowser" finished-at="2024-06-07T09:25:54 IST" duration-ms="5320" status="PASS">
          <reporter-output>
          </reporter-output>
        </test-method> <!-- launchBrowser -->
        <test-method signature="toVerifyBottomLinks()[pri:10, instance:baseBestBuy.TC_04_BottomLinksTestBB@6a6cb05c]" started-at="2024-06-07T09:25:54 IST" name="toVerifyBottomLinks" finished-at="2024-06-07T09:26:11 IST" duration-ms="17243" status="PASS">
          <reporter-output>
          </reporter-output>
        </test-method> <!-- toVerifyBottomLinks -->
        <test-method is-config="true" signature="closeBrowser()[pri:0, instance:baseBestBuy.TC_04_BottomLinksTestBB@6a6cb05c]" started-at="2024-06-07T09:26:11 IST" name="closeBrowser" finished-at="2024-06-07T09:26:12 IST" duration-ms="639" status="PASS">
          <reporter-output>
          </reporter-output>
        </test-method> <!-- closeBrowser -->
      </class> <!-- baseBestBuy.TC_04_BottomLinksTestBB -->
    </test> <!-- BestBuyTest -->
  </suite> <!-- AutomationBBSuite -->
</testng-results>
